<?xml version="1.0" encoding="UTF-8"?>
<!-- Generated by org.testng.reporters.JUnitReportReporter -->
<testsuite hostname="IN01LAP00082" name="pageTests.LoginPageTests" tests="3" failures="0" timestamp="27 Jan 2019 05:05:28 GMT" time="26.829" errors="0">
  <testcase name="loginWithValidCredentials" time="12.045" classname="pageTests.LoginPageTests"/>
  <testcase name="loginWithInvalidCredentials" time="7.899" classname="pageTests.LoginPageTests"/>
  <testcase name="validateLoginPageTitle" time="6.885" classname="pageTests.LoginPageTests"/>
</testsuite> <!-- pageTests.LoginPageTests -->
